<?xml version="1.0" encoding="UTF-8" ?>
<testsuite errors="1" failures="0" hostname="alysson-Lenovo" name="TestListaEstatica" skipped="0" tests="1" time="0.0" timestamp="2020-12-10T11:34:22">
  <properties>
[...]
</properties>
  <error message="TestListaEstatica" type="java.lang.ClassNotFoundException">java.lang.ClassNotFoundException: TestListaEstatica
	at java.base/jdk.internal.loader.BuiltinClassLoader.loadClass(BuiltinClassLoader.java:581)
	at java.base/jdk.internal.loader.ClassLoaders$AppClassLoader.loadClass(ClassLoaders.java:178)
	at java.base/java.lang.ClassLoader.loadClass(ClassLoader.java:522)
	at java.base/java.lang.Class.forName0(Native Method)
	at java.base/java.lang.Class.forName(Class.java:398)
</error>
  <system-out><![CDATA[]]></system-out>
  <system-err><![CDATA[]]></system-err>
</testsuite>
