<?xml version="1.0" encoding="UTF-8" ?>
<testsuite errors="1" failures="0" hostname="alysson-Lenovo" name="tests.TestListaEstatica" skipped="0" tests="1" time="0.076" timestamp="2021-05-25T18:05:44">
  <properties>
    <property name="sun.desktop" value="gnome" />
    <property name="ant.library.dir" value="/home/alysson/.p2/pool/plugins/org.apache.ant_1.10.9.v20201106-1946/lib" />
    <property name="awt.toolkit" value="sun.awt.X11.XToolkit" />
    <property name="java.specification.version" value="11" />
    <property name="ant.project.name" value="runTests" />
    <property name="sun.cpu.isalist" value="" />
    <property name="sun.jnu.encoding" value="UTF-8" />
    <property name="java.class.path" value="/home/alysson/gcm-classes/lib/junit.jar:/home/alysson/gcm-classes/bin:/home/alysson/.p2/pool/plugins/org.apache.ant_1.10.9.v20201106-1946/lib/ant-launcher.jar:/home/alysson/.p2/pool/plugins/org.apache.ant_1.10.9.v20201106-1946/lib/ant.jar:/home/alysson/.p2/pool/plugins/org.apache.ant_1.10.9.v20201106-1946/lib/ant-junit.jar:/home/alysson/.p2/pool/plugins/org.apache.ant_1.10.9.v20201106-1946/lib/ant-junit4.jar" />
    <property name="java.vm.vendor" value="Ubuntu" />
    <property name="sun.arch.data.model" value="64" />
    <property name="java.vendor.url" value="https://ubuntu.com/" />
    <property name="user.timezone" value="" />
    <property name="java.vm.specification.version" value="11" />
    <property name="os.name" value="Linux" />
    <property name="user.country" value="BR" />
    <property name="sun.java.launcher" value="SUN_STANDARD" />
    <property name="sun.boot.library.path" value="/usr/lib/jvm/java-11-openjdk-amd64/lib" />
    <property name="sun.java.command" value="org.apache.tools.ant.taskdefs.optional.junit.JUnitTestRunner tests.TestListaEstatica skipNonTests=false filtertrace=true haltOnError=false haltOnFailure=true formatter=org.apache.tools.ant.taskdefs.optional.junit.SummaryJUnitResultFormatter showoutput=false outputtoformatters=true logfailedtests=true threadid=0 logtestlistenerevents=false formatter=org.apache.tools.ant.taskdefs.optional.junit.XMLJUnitResultFormatter,/home/alysson/gcm-classes/src/tests/TEST-tests.TestListaEstatica.xml crashfile=/home/alysson/gcm-classes/junitvmwatcher2988815778075165175.properties propsfile=/home/alysson/gcm-classes/junit9647460062292095583.properties" />
    <property name="jdk.debug" value="release" />
    <property name="sun.cpu.endian" value="little" />
    <property name="user.home" value="/home/alysson" />
    <property name="user.language" value="pt" />
    <property name="java.specification.vendor" value="Oracle Corporation" />
    <property name="java.version.date" value="2021-04-20" />
    <property name="java.home" value="/usr/lib/jvm/java-11-openjdk-amd64" />
    <property name="file.separator" value="/" />
    <property name="basedir" value="/home/alysson/gcm-classes" />
    <property name="java.vm.compressedOopsMode" value="32-bit" />
    <property name="line.separator" value="&#xa;" />
    <property name="ant.java.version" value="11" />
    <property name="java.specification.name" value="Java Platform API Specification" />
    <property name="java.vm.specification.vendor" value="Oracle Corporation" />
    <property name="java.awt.graphicsenv" value="sun.awt.X11GraphicsEnvironment" />
    <property name="ant.file.type.runTests" value="file" />
    <property name="sun.management.compiler" value="HotSpot 64-Bit Tiered Compilers" />
    <property name="java.runtime.version" value="11.0.11+9-Ubuntu-0ubuntu2.20.04" />
    <property name="user.name" value="alysson" />
    <property name="ant.file" value="/home/alysson/gcm-classes/buildTests.xml" />
    <property name="path.separator" value=":" />
    <property name="os.version" value="5.4.0-73-generic" />
    <property name="java.runtime.name" value="OpenJDK Runtime Environment" />
    <property name="ant.project.invoked-targets" value="run_tests" />
    <property name="file.encoding" value="UTF-8" />
    <property name="java.vm.name" value="OpenJDK 64-Bit Server VM" />
    <property name="ant.core.lib" value="/home/alysson/.p2/pool/plugins/org.apache.ant_1.10.9.v20201106-1946/lib/ant.jar" />
    <property name="java.vendor.url.bug" value="https://bugs.launchpad.net/ubuntu/+source/openjdk-lts" />
    <property name="java.io.tmpdir" value="/tmp" />
    <property name="java.version" value="11.0.11" />
    <property name="user.dir" value="/home/alysson/gcm-classes" />
    <property name="ant.file.runTests" value="/home/alysson/gcm-classes/buildTests.xml" />
    <property name="os.arch" value="amd64" />
    <property name="java.vm.specification.name" value="Java Virtual Machine Specification" />
    <property name="java.awt.printerjob" value="sun.print.PSPrinterJob" />
    <property name="ant.home" value="/home/alysson/.p2/pool/plugins/org.apache.ant_1.10.9.v20201106-1946" />
    <property name="sun.os.patch.level" value="unknown" />
    <property name="ant.version" value="Apache Ant(TM) version 1.10.9 compiled on September 27 2020" />
    <property name="java.library.path" value="/usr/java/packages/lib:/usr/lib/x86_64-linux-gnu/jni:/lib/x86_64-linux-gnu:/usr/lib/x86_64-linux-gnu:/usr/lib/jni:/lib:/usr/lib" />
    <property name="java.vm.info" value="mixed mode, sharing" />
    <property name="java.vendor" value="Ubuntu" />
    <property name="java.vm.version" value="11.0.11+9-Ubuntu-0ubuntu2.20.04" />
    <property name="sun.io.unicode.encoding" value="UnicodeLittle" />
    <property name="java.class.version" value="55.0" />
    <property name="ant.project.default-target" value="run_tests" />
  </properties>
  <testcase classname="tests.TestListaEstatica" name="initializationError" time="0.005">
    <error message="org/hamcrest/SelfDescribing" type="java.lang.NoClassDefFoundError">java.lang.NoClassDefFoundError: org/hamcrest/SelfDescribing
	at java.base/java.lang.ClassLoader.defineClass1(Native Method)
	at java.base/java.lang.ClassLoader.defineClass(ClassLoader.java:1017)
	at java.base/java.security.SecureClassLoader.defineClass(SecureClassLoader.java:174)
	at java.base/jdk.internal.loader.BuiltinClassLoader.defineClass(BuiltinClassLoader.java:800)
	at java.base/jdk.internal.loader.BuiltinClassLoader.findClassOnClassPathOrNull(BuiltinClassLoader.java:698)
	at java.base/jdk.internal.loader.BuiltinClassLoader.loadClassOrNull(BuiltinClassLoader.java:621)
	at java.base/jdk.internal.loader.BuiltinClassLoader.loadClass(BuiltinClassLoader.java:579)
	at java.base/jdk.internal.loader.ClassLoaders$AppClassLoader.loadClass(ClassLoaders.java:178)
	at java.base/java.lang.ClassLoader.loadClass(ClassLoader.java:522)
	at java.base/jdk.internal.reflect.NativeConstructorAccessorImpl.newInstance0(Native Method)
	at java.base/jdk.internal.reflect.NativeConstructorAccessorImpl.newInstance(NativeConstructorAccessorImpl.java:62)
	at java.base/jdk.internal.reflect.DelegatingConstructorAccessorImpl.newInstance(DelegatingConstructorAccessorImpl.java:45)
	at java.base/java.lang.reflect.Constructor.newInstance(Constructor.java:490)
Caused by: java.lang.ClassNotFoundException: org.hamcrest.SelfDescribing
	at java.base/jdk.internal.loader.BuiltinClassLoader.loadClass(BuiltinClassLoader.java:581)
	at java.base/jdk.internal.loader.ClassLoaders$AppClassLoader.loadClass(ClassLoaders.java:178)
	at java.base/java.lang.ClassLoader.loadClass(ClassLoader.java:522)
</error>
  </testcase>
  <system-out><![CDATA[]]></system-out>
  <system-err><![CDATA[]]></system-err>
</testsuite>
